<?xml version="1.0" encoding="UTF-8"?>
<!-- Generated by org.testng.reporters.JUnitReportReporter -->
<testsuite skipped="0" hostname="ManojSitu" name="TestExecution.ParallelTesting2" tests="3" failures="0" timestamp="11 Jun 2019 11:17:36 GMT" time="0.057" errors="0">
  <testcase name="f1" time="0.008" classname="TestExecution.ParallelTesting2"/>
  <testcase name="f2" time="0.008" classname="TestExecution.ParallelTesting2"/>
  <testcase name="f" time="0.041" classname="TestExecution.ParallelTesting2"/>
</testsuite> <!-- TestExecution.ParallelTesting2 -->
