<?xml version="1.0" encoding="UTF-8"?>
<!-- Generated by org.testng.reporters.JUnitReportReporter -->
<testsuite skipped="0" hostname="ManojSitu" name="HandleWebElements.CookiesExample" tests="1" failures="0" timestamp="12 Jun 2019 16:20:09 GMT" time="130.400" errors="0">
  <testcase name="cooky" time="130.400" classname="HandleWebElements.CookiesExample"/>
</testsuite> <!-- HandleWebElements.CookiesExample -->
