<?xml version="1.0" encoding="UTF-8"?>
<!-- Generated by org.testng.reporters.JUnitReportReporter -->
<testsuite skipped="0" hostname="ManojSitu" name="HandleWebElements.DropDown" tests="1" failures="0" timestamp="12 Jun 2019 16:04:34 GMT" time="37.190" errors="0">
  <testcase name="VdropDown" time="37.190" classname="HandleWebElements.DropDown"/>
</testsuite> <!-- HandleWebElements.DropDown -->
