<?xml version="1.0" encoding="UTF-8"?>
<!-- Generated by org.testng.reporters.JUnitReportReporter -->
<testsuite hostname="ManojSitu" name="HandleWebElements.CookiesExample" tests="1" failures="0" timestamp="2 Jun 2019 11:34:14 GMT" time="32.268" errors="0">
  <testcase name="cooky" time="32.268" classname="HandleWebElements.CookiesExample"/>
</testsuite> <!-- HandleWebElements.CookiesExample -->
