<?xml version="1.0" encoding="UTF-8"?>
<!-- Generated by org.testng.reporters.JUnitReportReporter -->
<testsuite hostname="ManojSitu" name="HandleWebElements.DropDown" tests="1" failures="0" timestamp="1 Jun 2019 17:57:22 GMT" time="75.433" errors="0">
  <testcase name="VdropDown" time="75.433" classname="HandleWebElements.DropDown"/>
</testsuite> <!-- HandleWebElements.DropDown -->
